# JRE version: Java(TM) SE Runtime Environment (8.0_77-b03) (build 1.8.0_77-b03)
# Java VM: Java HotSpot(TM) 64-Bit Server VM (25.77-b03 mixed mode windows-amd64 compressed oops)
Heap:
 PSYoungGen      total 601088K, used 258338K [0x00000000d5580000, 0x0000000100000000, 0x0000000100000000)
  eden space 521216K, 49% used [0x00000000d5580000,0x00000000e51c8bc8,0x00000000f5280000)
  from space 79872K, 0% used [0x00000000f5280000,0x00000000f5280000,0x00000000fa080000)
  to   space 79872K, 0% used [0x00000000fb200000,0x00000000fb200000,0x0000000100000000)
 ParOldGen       total 249344K, used 43330K [0x0000000080000000, 0x000000008f380000, 0x00000000d5580000)
  object space 249344K, 17% used [0x0000000080000000,0x0000000082a50a20,0x000000008f380000)
 Metaspace       used 64312K, capacity 66232K, committed 66304K, reserved 1107968K
  class space    used 8243K, capacity 8690K, committed 8704K, reserved 1048576K
GC Heap History (10 events):
Event: 32.620 GC heap before
{Heap before GC invocations=19 (full 4):
 PSYoungGen      total 593408K, used 259356K [0x00000000d5580000, 0x00000000ff480000, 0x0000000100000000)
  eden space 516096K, 46% used [0x00000000d5580000,0x00000000e3d69958,0x00000000f4d80000)
  from space 77312K, 28% used [0x00000000fa900000,0x00000000fbe5d840,0x00000000ff480000)
  to   space 85504K, 0% used [0x00000000f4d80000,0x00000000f4d80000,0x00000000fa100000)
 ParOldGen       total 249344K, used 104082K [0x0000000080000000, 0x000000008f380000, 0x00000000d5580000)
  object space 249344K, 41% used [0x0000000080000000,0x00000000865a4be0,0x000000008f380000)
 Metaspace       used 51557K, capacity 52592K, committed 52864K, reserved 1095680K
  class space    used 6882K, capacity 7184K, committed 7296K, reserved 1048576K
Event: 32.628 GC heap after
Heap after GC invocations=19 (full 4):
 PSYoungGen      total 519168K, used 2736K [0x00000000d5580000, 0x00000000ff380000, 0x0000000100000000)
  eden space 516096K, 0% used [0x00000000d5580000,0x00000000d5580000,0x00000000f4d80000)
  from space 3072K, 89% used [0x00000000f4d80000,0x00000000f502c078,0x00000000f5080000)
  to   space 84992K, 0% used [0x00000000fa080000,0x00000000fa080000,0x00000000ff380000)
 ParOldGen       total 249344K, used 112392K [0x0000000080000000, 0x000000008f380000, 0x00000000d5580000)
  object space 249344K, 45% used [0x0000000080000000,0x0000000086dc2210,0x000000008f380000)
 Metaspace       used 51557K, capacity 52592K, committed 52864K, reserved 1095680K
  class space    used 6882K, capacity 7184K, committed 7296K, reserved 1048576K
}
Event: 32.628 GC heap before
{Heap before GC invocations=20 (full 5):
 PSYoungGen      total 519168K, used 2736K [0x00000000d5580000, 0x00000000ff380000, 0x0000000100000000)
  eden space 516096K, 0% used [0x00000000d5580000,0x00000000d5580000,0x00000000f4d80000)
  from space 3072K, 89% used [0x00000000f4d80000,0x00000000f502c078,0x00000000f5080000)
  to   space 84992K, 0% used [0x00000000fa080000,0x00000000fa080000,0x00000000ff380000)
 ParOldGen       total 249344K, used 112392K [0x0000000080000000, 0x000000008f380000, 0x00000000d5580000)
  object space 249344K, 45% used [0x0000000080000000,0x0000000086dc2210,0x000000008f380000)
 Metaspace       used 51557K, capacity 52592K, committed 52864K, reserved 1095680K
  class space    used 6882K, capacity 7184K, committed 7296K, reserved 1048576K
Event: 33.325 GC heap after
Heap after GC invocations=20 (full 5):
 PSYoungGen      total 519168K, used 0K [0x00000000d5580000, 0x00000000ff380000, 0x0000000100000000)
  eden space 516096K, 0% used [0x00000000d5580000,0x00000000d5580000,0x00000000f4d80000)
  from space 3072K, 0% used [0x00000000f4d80000,0x00000000f4d80000,0x00000000f5080000)
  to   space 84992K, 0% used [0x00000000fa080000,0x00000000fa080000,0x00000000ff380000)
 ParOldGen       total 249344K, used 40009K [0x0000000080000000, 0x000000008f380000, 0x00000000d5580000)
  object space 249344K, 16% used [0x0000000080000000,0x0000000082712798,0x000000008f380000)
 Metaspace       used 51557K, capacity 52592K, committed 52864K, reserved 1095680K
  class space    used 6882K, capacity 7184K, committed 7296K, reserved 1048576K
}
Event: 1170.080 GC heap before
{Heap before GC invocations=21 (full 5):
 PSYoungGen      total 519168K, used 516096K [0x00000000d5580000, 0x00000000ff380000, 0x0000000100000000)
  eden space 516096K, 100% used [0x00000000d5580000,0x00000000f4d80000,0x00000000f4d80000)
  from space 3072K, 0% used [0x00000000f4d80000,0x00000000f4d80000,0x00000000f5080000)
  to   space 84992K, 0% used [0x00000000fa080000,0x00000000fa080000,0x00000000ff380000)
 ParOldGen       total 249344K, used 40009K [0x0000000080000000, 0x000000008f380000, 0x00000000d5580000)
  object space 249344K, 16% used [0x0000000080000000,0x0000000082712798,0x000000008f380000)
 Metaspace       used 59203K, capacity 60420K, committed 60800K, reserved 1101824K
  class space    used 7663K, capacity 7980K, committed 8064K, reserved 1048576K
Event: 1170.102 GC heap after
Heap after GC invocations=21 (full 5):
 PSYoungGen      total 606208K, used 30509K [0x00000000d5580000, 0x0000000100000000, 0x0000000100000000)
  eden space 521216K, 0% used [0x00000000d5580000,0x00000000d5580000,0x00000000f5280000)
  from space 84992K, 35% used [0x00000000fa080000,0x00000000fbe4b708,0x00000000ff380000)
  to   space 79872K, 0% used [0x00000000f5280000,0x00000000f5280000,0x00000000fa080000)
 ParOldGen       total 249344K, used 40025K [0x0000000080000000, 0x000000008f380000, 0x00000000d5580000)
  object space 249344K, 16% used [0x0000000080000000,0x0000000082716798,0x000000008f380000)
 Metaspace       used 59203K, capacity 60420K, committed 60800K, reserved 1101824K
  class space    used 7663K, capacity 7980K, committed 8064K, reserved 1048576K
}
Event: 1171.322 GC heap before
{Heap before GC invocations=22 (full 5):
 PSYoungGen      total 606208K, used 140046K [0x00000000d5580000, 0x0000000100000000, 0x0000000100000000)
  eden space 521216K, 21% used [0x00000000d5580000,0x00000000dc078200,0x00000000f5280000)
  from space 84992K, 35% used [0x00000000fa080000,0x00000000fbe4b708,0x00000000ff380000)
  to   space 79872K, 0% used [0x00000000f5280000,0x00000000f5280000,0x00000000fa080000)
 ParOldGen       total 249344K, used 40025K [0x0000000080000000, 0x000000008f380000, 0x00000000d5580000)
  object space 249344K, 16% used [0x0000000080000000,0x0000000082716798,0x000000008f380000)
 Metaspace       used 59269K, capacity 60508K, committed 60800K, reserved 1101824K
  class space    used 7665K, capacity 7984K, committed 8064K, reserved 1048576K
Event: 1171.329 GC heap after
Heap after GC invocations=22 (full 5):
 PSYoungGen      total 601088K, used 128K [0x00000000d5580000, 0x0000000100000000, 0x0000000100000000)
  eden space 521216K, 0% used [0x00000000d5580000,0x00000000d5580000,0x00000000f5280000)
  from space 79872K, 0% used [0x00000000f5280000,0x00000000f52a0000,0x00000000fa080000)
  to   space 79872K, 0% used [0x00000000fb200000,0x00000000fb200000,0x0000000100000000)
 ParOldGen       total 249344K, used 46593K [0x0000000080000000, 0x000000008f380000, 0x00000000d5580000)
  object space 249344K, 18% used [0x0000000080000000,0x0000000082d806d8,0x000000008f380000)
 Metaspace       used 59269K, capacity 60508K, committed 60800K, reserved 1101824K
  class space    used 7665K, capacity 7984K, committed 8064K, reserved 1048576K
}
Event: 1171.329 GC heap before
{Heap before GC invocations=23 (full 6):
 PSYoungGen      total 601088K, used 128K [0x00000000d5580000, 0x0000000100000000, 0x0000000100000000)
  eden space 521216K, 0% used [0x00000000d5580000,0x00000000d5580000,0x00000000f5280000)
  from space 79872K, 0% used [0x00000000f5280000,0x00000000f52a0000,0x00000000fa080000)
  to   space 79872K, 0% used [0x00000000fb200000,0x00000000fb200000,0x0000000100000000)
 ParOldGen       total 249344K, used 46593K [0x0000000080000000, 0x000000008f380000, 0x00000000d5580000)
  object space 249344K, 18% used [0x0000000080000000,0x0000000082d806d8,0x000000008f380000)
 Metaspace       used 59269K, capacity 60508K, committed 60800K, reserved 1101824K
  class space    used 7665K, capacity 7984K, committed 8064K, reserved 1048576K
Event: 1171.557 GC heap after
Heap after GC invocations=23 (full 6):
 PSYoungGen      total 601088K, used 0K [0x00000000d5580000, 0x0000000100000000, 0x0000000100000000)
  eden space 521216K, 0% used [0x00000000d5580000,0x00000000d5580000,0x00000000f5280000)
  from space 79872K, 0% used [0x00000000f5280000,0x00000000f5280000,0x00000000fa080000)
  to   space 79872K, 0% used [0x00000000fb200000,0x00000000fb200000,0x0000000100000000)
 ParOldGen       total 249344K, used 43330K [0x0000000080000000, 0x000000008f380000, 0x00000000d5580000)
  object space 249344K, 17% used [0x0000000080000000,0x0000000082a50a20,0x000000008f380000)
 Metaspace       used 59269K, capacity 60508K, committed 60800K, reserved 1101824K
  class space    used 7665K, capacity 7984K, committed 8064K, reserved 1048576K
}

